# Logfile created on 2014-02-26 17:12:59 -0500 by logger.rb/36483
I, [2014-02-26T17:12:59.432642 #56414]  INFO -- : 0:  rake (10.1.0) from /Users/adamd/.rbenv/versions/2.0.0-p247/lib/ruby/gems/2.0.0/specifications/rake-10.1.0.gemspec
I, [2014-02-26T17:12:59.433876 #56414]  INFO -- : 0:  sass (3.2.6) from /Users/adamd/.rbenv/versions/2.0.0-p247/lib/ruby/gems/2.0.0/specifications/sass-3.2.6.gemspec
I, [2014-02-26T17:12:59.434250 #56414]  INFO -- : 0:  bundler (1.5.1) from /Users/adamd/.rbenv/versions/2.0.0-p247/lib/ruby/gems/2.0.0/specifications/bundler-1.5.1.gemspec
I, [2014-02-28T17:36:05.558365 #59959]  INFO -- : 0:  rake (10.1.0) from /Library/Ruby/Gems/2.0.0/specifications/rake-10.1.0.gemspec
I, [2014-02-28T17:36:05.559601 #59959]  INFO -- : 0:  sass (3.2.6) from /Library/Ruby/Gems/2.0.0/specifications/sass-3.2.6.gemspec
I, [2014-02-28T17:36:05.559964 #59959]  INFO -- : 0:  bundler (1.5.1) from /Library/Ruby/Gems/2.0.0/specifications/bundler-1.5.1.gemspec
I, [2014-02-28T17:36:12.274948 #59967]  INFO -- : 0:  rake (10.1.0) from /Library/Ruby/Gems/2.0.0/specifications/rake-10.1.0.gemspec
I, [2014-02-28T17:36:12.275365 #59967]  INFO -- : 0:  sass (3.2.6) from /Library/Ruby/Gems/2.0.0/specifications/sass-3.2.6.gemspec
I, [2014-02-28T17:36:12.275632 #59967]  INFO -- : 0:  bundler (1.5.1) from /Library/Ruby/Gems/2.0.0/specifications/bundler-1.5.1.gemspec
I, [2014-02-28T17:36:37.216812 #59971]  INFO -- : 0:  rake (10.1.1) from /Library/Ruby/Gems/2.0.0/specifications/rake-10.1.1.gemspec
I, [2014-02-28T17:36:37.228201 #59971]  INFO -- : 0:  sass (3.2.6) from /Library/Ruby/Gems/2.0.0/specifications/sass-3.2.6.gemspec
I, [2014-02-28T17:36:37.228505 #59971]  INFO -- : 0:  bundler (1.5.1) from /Library/Ruby/Gems/2.0.0/specifications/bundler-1.5.1.gemspec
I, [2014-02-28T17:37:57.382475 #60024]  INFO -- : 0:  rake (10.1.1) from /Library/Ruby/Gems/2.0.0/specifications/rake-10.1.1.gemspec
I, [2014-02-28T17:37:57.382886 #60024]  INFO -- : 0:  sass (3.2.6) from /Library/Ruby/Gems/2.0.0/specifications/sass-3.2.6.gemspec
I, [2014-02-28T17:37:57.383154 #60024]  INFO -- : 0:  bundler (1.5.1) from /Library/Ruby/Gems/2.0.0/specifications/bundler-1.5.1.gemspec
I, [2014-02-28T17:39:30.025632 #60057]  INFO -- : 0:  rake (10.1.1) from /Library/Ruby/Gems/2.0.0/specifications/rake-10.1.1.gemspec
I, [2014-02-28T17:39:31.040561 #60057]  INFO -- : 0:  builder (3.2.2) from /Library/Ruby/Gems/2.0.0/specifications/builder-3.2.2.gemspec
I, [2014-02-28T17:39:34.703948 #60057]  INFO -- : 0:  json (1.8.1) from /Library/Ruby/Gems/2.0.0/specifications/json-1.8.1.gemspec
I, [2014-02-28T17:39:34.718129 #60057]  INFO -- : 0:  sass (3.2.6) from /Library/Ruby/Gems/2.0.0/specifications/sass-3.2.6.gemspec
I, [2014-02-28T17:39:34.718648 #60057]  INFO -- : 0:  bundler (1.5.1) from /Library/Ruby/Gems/2.0.0/specifications/bundler-1.5.1.gemspec
